<?xml version="1.0" encoding="UTF-8"?>
<testng-results ignored="0" total="1" passed="1" failed="0" skipped="0">
  <reporter-output>
  </reporter-output>
  <suite started-at="2024-08-26T10:21:17 IST" name="Default suite" finished-at="2024-08-26T10:21:24 IST" duration-ms="6269">
    <groups>
    </groups>
    <test started-at="2024-08-26T10:21:17 IST" name="Default test" finished-at="2024-08-26T10:21:24 IST" duration-ms="6269">
      <class name="testpkge.basicprgm">
        <test-method is-config="true" signature="setup()[pri:0, instance:testpkge.basicprgm@3e27ba32]" started-at="2024-08-26T10:21:17 IST" name="setup" finished-at="2024-08-26T10:21:23 IST" duration-ms="6144" status="PASS">
          <reporter-output>
          </reporter-output>
        </test-method> <!-- setup -->
        <test-method signature="test()[pri:0, instance:testpkge.basicprgm@3e27ba32]" started-at="2024-08-26T10:21:24 IST" name="test" finished-at="2024-08-26T10:21:24 IST" duration-ms="39" status="PASS">
          <reporter-output>
          </reporter-output>
        </test-method> <!-- test -->
      </class> <!-- testpkge.basicprgm -->
    </test> <!-- Default test -->
  </suite> <!-- Default suite -->
</testng-results>
